<?xml version="1.0" encoding="UTF-8"?>
<testsuite name="ch.team6417.lib.utils.LatchedBooleanTest" tests="3" skipped="0" failures="0" errors="0" timestamp="2020-01-15T19:44:27" hostname="Software-Laptop-2" time="0.086">
  <properties/>
  <testcase name="risingEdgeTest()" classname="ch.team6417.lib.utils.LatchedBooleanTest" time="0.067"/>
  <testcase name="risingFallingEdgeTest()" classname="ch.team6417.lib.utils.LatchedBooleanTest" time="0.006"/>
  <testcase name="fallingEdgeTest()" classname="ch.team6417.lib.utils.LatchedBooleanTest" time="0.002"/>
  <system-out><![CDATA[]]></system-out>
  <system-err><![CDATA[]]></system-err>
</testsuite>
